This file contains any messages produced by compilers while
running configure, to aid debugging if configure makes a mistake.

It was created by clustalw configure 2.0.11, which was
generated by GNU Autoconf 2.71.  Invocation command line was

  $ ./configure

## --------- ##
## Platform. ##
## --------- ##

hostname = estrela02
uname -m = x86_64
uname -r = 6.8.0-51-generic
uname -s = Linux
uname -v = #52-Ubuntu SMP PREEMPT_DYNAMIC Thu Dec  5 13:09:44 UTC 2024

/usr/bin/uname -p = x86_64
/bin/uname -X     = unknown

/bin/arch              = x86_64
/usr/bin/arch -k       = unknown
/usr/convex/getsysinfo = unknown
/usr/bin/hostinfo      = unknown
/bin/machine           = unknown
/usr/bin/oslevel       = unknown
/bin/universe          = unknown

PATH: /usr/local/cuda-12.4/bin/
PATH: /dados/home/tesla-dados/.vscode-server/cli/servers/Stable-fabdb6a30b49f79a7aba0f2ad9df9b399473380f/server/bin/remote-cli/
PATH: /usr/local/cuda-12.4/bin/
PATH: /usr/local/sbin/
PATH: /usr/local/bin/
PATH: /usr/sbin/
PATH: /usr/bin/
PATH: /sbin/
PATH: /bin/
PATH: /usr/games/
PATH: /usr/local/games/
PATH: /snap/bin/


## ----------- ##
## Core tests. ##
## ----------- ##

configure:2624: looking for aux files: compile missing install-sh config.guess config.sub
configure:2637:  trying ./
configure:2666:   ./compile found
configure:2666:   ./missing found
configure:2648:   ./install-sh found
configure:2666:   ./config.guess found
configure:2666:   ./config.sub found
configure:2800: checking build system type
configure:2815: result: x86_64-pc-linux-gnu
configure:2835: checking host system type
configure:2849: result: x86_64-pc-linux-gnu
configure:2869: checking target system type
configure:2883: result: x86_64-pc-linux-gnu
configure:2970: checking for a BSD-compatible install
configure:3043: result: /usr/bin/install -c
configure:3054: checking whether build environment is sane
configure:3109: result: yes
configure:3268: checking for a race-free mkdir -p
configure:3312: result: /usr/bin/mkdir -p
configure:3319: checking for gawk
configure:3354: result: no
configure:3319: checking for mawk
configure:3340: found /usr/bin/mawk
configure:3351: result: mawk
configure:3362: checking whether make sets $(MAKE)
configure:3385: result: yes
configure:3415: checking whether make supports nested variables
configure:3433: result: yes
configure:3570: checking whether make sets $(MAKE)
configure:3593: result: yes
configure:3673: checking for gcc
configure:3694: found /usr/bin/gcc
configure:3705: result: gcc
configure:4058: checking for C compiler version
configure:4067: gcc --version >&5
gcc (Ubuntu 13.3.0-6ubuntu2~24.04) 13.3.0
Copyright (C) 2023 Free Software Foundation, Inc.
This is free software; see the source for copying conditions.  There is NO
warranty; not even for MERCHANTABILITY or FITNESS FOR A PARTICULAR PURPOSE.

configure:4078: $? = 0
configure:4067: gcc -v >&5
Using built-in specs.
COLLECT_GCC=gcc
COLLECT_LTO_WRAPPER=/usr/libexec/gcc/x86_64-linux-gnu/13/lto-wrapper
OFFLOAD_TARGET_NAMES=nvptx-none:amdgcn-amdhsa
OFFLOAD_TARGET_DEFAULT=1
Target: x86_64-linux-gnu
Configured with: ../src/configure -v --with-pkgversion='Ubuntu 13.3.0-6ubuntu2~24.04' --with-bugurl=file:///usr/share/doc/gcc-13/README.Bugs --enable-languages=c,ada,c++,go,d,fortran,objc,obj-c++,m2 --prefix=/usr --with-gcc-major-version-only --program-suffix=-13 --program-prefix=x86_64-linux-gnu- --enable-shared --enable-linker-build-id --libexecdir=/usr/libexec --without-included-gettext --enable-threads=posix --libdir=/usr/lib --enable-nls --enable-bootstrap --enable-clocale=gnu --enable-libstdcxx-debug --enable-libstdcxx-time=yes --with-default-libstdcxx-abi=new --enable-libstdcxx-backtrace --enable-gnu-unique-object --disable-vtable-verify --enable-plugin --enable-default-pie --with-system-zlib --enable-libphobos-checking=release --with-target-system-zlib=auto --enable-objc-gc=auto --enable-multiarch --disable-werror --enable-cet --with-arch-32=i686 --with-abi=m64 --with-multilib-list=m32,m64,mx32 --enable-multilib --with-tune=generic --enable-offload-targets=nvptx-none=/build/gcc-13-fG75Ri/gcc-13-13.3.0/debian/tmp-nvptx/usr,amdgcn-amdhsa=/build/gcc-13-fG75Ri/gcc-13-13.3.0/debian/tmp-gcn/usr --enable-offload-defaulted --without-cuda-driver --enable-checking=release --build=x86_64-linux-gnu --host=x86_64-linux-gnu --target=x86_64-linux-gnu --with-build-config=bootstrap-lto-lean --enable-link-serialization=2
Thread model: posix
Supported LTO compression algorithms: zlib zstd
gcc version 13.3.0 (Ubuntu 13.3.0-6ubuntu2~24.04) 
... rest of stderr output deleted ...
configure:4078: $? = 0
configure:4067: gcc -V >&5
gcc: error: unrecognized command-line option '-V'
gcc: fatal error: no input files
compilation terminated.
configure:4078: $? = 1
configure:4067: gcc -qversion >&5
gcc: error: unrecognized command-line option '-qversion'; did you mean '--version'?
gcc: fatal error: no input files
compilation terminated.
configure:4078: $? = 1
configure:4067: gcc -version >&5
gcc: error: unrecognized command-line option '-version'
gcc: fatal error: no input files
compilation terminated.
configure:4078: $? = 1
configure:4098: checking whether the C compiler works
configure:4120: gcc    conftest.c  >&5
configure:4124: $? = 0
configure:4174: result: yes
configure:4177: checking for C compiler default output file name
configure:4179: result: a.out
configure:4185: checking for suffix of executables
configure:4192: gcc -o conftest    conftest.c  >&5
configure:4196: $? = 0
configure:4219: result: 
configure:4241: checking whether we are cross compiling
configure:4249: gcc -o conftest    conftest.c  >&5
configure:4253: $? = 0
configure:4260: ./conftest
configure:4264: $? = 0
configure:4279: result: no
configure:4284: checking for suffix of object files
configure:4307: gcc -c   conftest.c >&5
configure:4311: $? = 0
configure:4333: result: o
configure:4337: checking whether the compiler supports GNU C
configure:4357: gcc -c   conftest.c >&5
configure:4357: $? = 0
configure:4367: result: yes
configure:4378: checking whether gcc accepts -g
configure:4399: gcc -c -g  conftest.c >&5
configure:4399: $? = 0
configure:4443: result: yes
configure:4463: checking for gcc option to enable C11 features
configure:4478: gcc  -c -g -O2  conftest.c >&5
configure:4478: $? = 0
configure:4496: result: none needed
configure:4612: checking whether gcc understands -c and -o together
configure:4635: gcc -c conftest.c -o conftest2.o
configure:4638: $? = 0
configure:4635: gcc -c conftest.c -o conftest2.o
configure:4638: $? = 0
configure:4650: result: yes
configure:4670: checking whether make supports the include directive
configure:4685: make -f confmf.GNU && cat confinc.out
this is the am__doit target
configure:4688: $? = 0
configure:4707: result: yes (GNU style)
configure:4733: checking dependency style of gcc
configure:4845: result: gcc3
configure:4929: checking for g++
configure:4950: found /usr/bin/g++
configure:4961: result: g++
configure:4988: checking for C++ compiler version
configure:4997: g++ --version >&5
g++ (Ubuntu 13.3.0-6ubuntu2~24.04) 13.3.0
Copyright (C) 2023 Free Software Foundation, Inc.
This is free software; see the source for copying conditions.  There is NO
warranty; not even for MERCHANTABILITY or FITNESS FOR A PARTICULAR PURPOSE.

configure:5008: $? = 0
configure:4997: g++ -v >&5
Using built-in specs.
COLLECT_GCC=g++
COLLECT_LTO_WRAPPER=/usr/libexec/gcc/x86_64-linux-gnu/13/lto-wrapper
OFFLOAD_TARGET_NAMES=nvptx-none:amdgcn-amdhsa
OFFLOAD_TARGET_DEFAULT=1
Target: x86_64-linux-gnu
Configured with: ../src/configure -v --with-pkgversion='Ubuntu 13.3.0-6ubuntu2~24.04' --with-bugurl=file:///usr/share/doc/gcc-13/README.Bugs --enable-languages=c,ada,c++,go,d,fortran,objc,obj-c++,m2 --prefix=/usr --with-gcc-major-version-only --program-suffix=-13 --program-prefix=x86_64-linux-gnu- --enable-shared --enable-linker-build-id --libexecdir=/usr/libexec --without-included-gettext --enable-threads=posix --libdir=/usr/lib --enable-nls --enable-bootstrap --enable-clocale=gnu --enable-libstdcxx-debug --enable-libstdcxx-time=yes --with-default-libstdcxx-abi=new --enable-libstdcxx-backtrace --enable-gnu-unique-object --disable-vtable-verify --enable-plugin --enable-default-pie --with-system-zlib --enable-libphobos-checking=release --with-target-system-zlib=auto --enable-objc-gc=auto --enable-multiarch --disable-werror --enable-cet --with-arch-32=i686 --with-abi=m64 --with-multilib-list=m32,m64,mx32 --enable-multilib --with-tune=generic --enable-offload-targets=nvptx-none=/build/gcc-13-fG75Ri/gcc-13-13.3.0/debian/tmp-nvptx/usr,amdgcn-amdhsa=/build/gcc-13-fG75Ri/gcc-13-13.3.0/debian/tmp-gcn/usr --enable-offload-defaulted --without-cuda-driver --enable-checking=release --build=x86_64-linux-gnu --host=x86_64-linux-gnu --target=x86_64-linux-gnu --with-build-config=bootstrap-lto-lean --enable-link-serialization=2
Thread model: posix
Supported LTO compression algorithms: zlib zstd
gcc version 13.3.0 (Ubuntu 13.3.0-6ubuntu2~24.04) 
... rest of stderr output deleted ...
configure:5008: $? = 0
configure:4997: g++ -V >&5
g++: error: unrecognized command-line option '-V'
g++: fatal error: no input files
compilation terminated.
configure:5008: $? = 1
configure:4997: g++ -qversion >&5
g++: error: unrecognized command-line option '-qversion'; did you mean '--version'?
g++: fatal error: no input files
compilation terminated.
configure:5008: $? = 1
configure:5012: checking whether the compiler supports GNU C++
configure:5032: g++ -c   conftest.cpp >&5
configure:5032: $? = 0
configure:5042: result: yes
configure:5053: checking whether g++ accepts -g
configure:5074: g++ -c -g  conftest.cpp >&5
configure:5074: $? = 0
configure:5118: result: yes
configure:5138: checking for g++ option to enable C++11 features
configure:5153: g++  -c -g -O2  conftest.cpp >&5
conftest.cpp: In function 'int main(int, char**)':
conftest.cpp:178:25: warning: empty parentheses were disambiguated as a function declaration [-Wvexing-parse]
  178 |   cxx11test::delegate d2();
      |                         ^~
conftest.cpp:178:25: note: remove parentheses to default-initialize a variable
  178 |   cxx11test::delegate d2();
      |                         ^~
      |                         --
conftest.cpp:178:25: note: or replace parentheses with braces to value-initialize a variable
configure:5153: $? = 0
configure:5171: result: none needed
configure:5237: checking dependency style of g++
configure:5349: result: gcc3
configure:5381: checking for GOMP_parallel_start in -lgomp
configure:5404: gcc -o conftest -g -O2   conftest.c -lgomp   >&5
configure:5404: $? = 0
configure:5414: result: yes
configure:5525: checking for ranlib
configure:5546: found /usr/bin/ranlib
configure:5557: result: ranlib
configure:5589: checking for stdio.h
configure:5589: gcc -c -g -O2  conftest.c >&5
configure:5589: $? = 0
configure:5589: result: yes
configure:5589: checking for stdlib.h
configure:5589: gcc -c -g -O2  conftest.c >&5
configure:5589: $? = 0
configure:5589: result: yes
configure:5589: checking for string.h
configure:5589: gcc -c -g -O2  conftest.c >&5
configure:5589: $? = 0
configure:5589: result: yes
configure:5589: checking for inttypes.h
configure:5589: gcc -c -g -O2  conftest.c >&5
configure:5589: $? = 0
configure:5589: result: yes
configure:5589: checking for stdint.h
configure:5589: gcc -c -g -O2  conftest.c >&5
configure:5589: $? = 0
configure:5589: result: yes
configure:5589: checking for strings.h
configure:5589: gcc -c -g -O2  conftest.c >&5
configure:5589: $? = 0
configure:5589: result: yes
configure:5589: checking for sys/stat.h
configure:5589: gcc -c -g -O2  conftest.c >&5
configure:5589: $? = 0
configure:5589: result: yes
configure:5589: checking for sys/types.h
configure:5589: gcc -c -g -O2  conftest.c >&5
configure:5589: $? = 0
configure:5589: result: yes
configure:5589: checking for unistd.h
configure:5589: gcc -c -g -O2  conftest.c >&5
configure:5589: $? = 0
configure:5589: result: yes
configure:5614: checking for grep that handles long lines and -e
configure:5678: result: /usr/bin/grep
configure:5686: checking for egrep
configure:5754: result: /usr/bin/grep -E
configure:5763: checking for _Bool
configure:5763: gcc -c -g -O2  conftest.c >&5
configure:5763: $? = 0
configure:5763: gcc -c -g -O2  conftest.c >&5
conftest.c: In function 'main':
conftest.c:54:20: error: expected expression before ')' token
   54 | if (sizeof ((_Bool)))
      |                    ^
configure:5763: $? = 1
configure: failed program was:
| /* confdefs.h */
| #define PACKAGE_NAME "clustalw"
| #define PACKAGE_TARNAME "clustalw"
| #define PACKAGE_VERSION "2.0.11"
| #define PACKAGE_STRING "clustalw 2.0.11"
| #define PACKAGE_BUGREPORT "clustalw@ucd.ie"
| #define PACKAGE_URL ""
| #define OS_UNIX 1
| #define PACKAGE "clustalw"
| #define VERSION "2.0.11"
| #define HAVE_LIBGOMP 1
| #define HAVE_STDIO_H 1
| #define HAVE_STDLIB_H 1
| #define HAVE_STRING_H 1
| #define HAVE_INTTYPES_H 1
| #define HAVE_STDINT_H 1
| #define HAVE_STRINGS_H 1
| #define HAVE_SYS_STAT_H 1
| #define HAVE_SYS_TYPES_H 1
| #define HAVE_UNISTD_H 1
| #define STDC_HEADERS 1
| /* end confdefs.h.  */
| #include <stddef.h>
| #ifdef HAVE_STDIO_H
| # include <stdio.h>
| #endif
| #ifdef HAVE_STDLIB_H
| # include <stdlib.h>
| #endif
| #ifdef HAVE_STRING_H
| # include <string.h>
| #endif
| #ifdef HAVE_INTTYPES_H
| # include <inttypes.h>
| #endif
| #ifdef HAVE_STDINT_H
| # include <stdint.h>
| #endif
| #ifdef HAVE_STRINGS_H
| # include <strings.h>
| #endif
| #ifdef HAVE_SYS_TYPES_H
| # include <sys/types.h>
| #endif
| #ifdef HAVE_SYS_STAT_H
| # include <sys/stat.h>
| #endif
| #ifdef HAVE_UNISTD_H
| # include <unistd.h>
| #endif
| int
| main (void)
| {
| if (sizeof ((_Bool)))
| 	    return 0;
|   ;
|   return 0;
| }
configure:5763: result: yes
configure:5772: checking for stdbool.h that conforms to C99
configure:5888: gcc -c -g -O2  conftest.c >&5
configure:5888: $? = 0
configure:5896: result: yes
configure:5905: checking for an ANSI C-conforming const
configure:5972: gcc -c -g -O2  conftest.c >&5
configure:5972: $? = 0
configure:5980: result: yes
configure:5988: checking for size_t
configure:5988: gcc -c -g -O2  conftest.c >&5
configure:5988: $? = 0
configure:5988: gcc -c -g -O2  conftest.c >&5
conftest.c: In function 'main':
conftest.c:56:21: error: expected expression before ')' token
   56 | if (sizeof ((size_t)))
      |                     ^
configure:5988: $? = 1
configure: failed program was:
| /* confdefs.h */
| #define PACKAGE_NAME "clustalw"
| #define PACKAGE_TARNAME "clustalw"
| #define PACKAGE_VERSION "2.0.11"
| #define PACKAGE_STRING "clustalw 2.0.11"
| #define PACKAGE_BUGREPORT "clustalw@ucd.ie"
| #define PACKAGE_URL ""
| #define OS_UNIX 1
| #define PACKAGE "clustalw"
| #define VERSION "2.0.11"
| #define HAVE_LIBGOMP 1
| #define HAVE_STDIO_H 1
| #define HAVE_STDLIB_H 1
| #define HAVE_STRING_H 1
| #define HAVE_INTTYPES_H 1
| #define HAVE_STDINT_H 1
| #define HAVE_STRINGS_H 1
| #define HAVE_SYS_STAT_H 1
| #define HAVE_SYS_TYPES_H 1
| #define HAVE_UNISTD_H 1
| #define STDC_HEADERS 1
| #define HAVE__BOOL 1
| #define HAVE_STDBOOL_H 1
| /* end confdefs.h.  */
| #include <stddef.h>
| #ifdef HAVE_STDIO_H
| # include <stdio.h>
| #endif
| #ifdef HAVE_STDLIB_H
| # include <stdlib.h>
| #endif
| #ifdef HAVE_STRING_H
| # include <string.h>
| #endif
| #ifdef HAVE_INTTYPES_H
| # include <inttypes.h>
| #endif
| #ifdef HAVE_STDINT_H
| # include <stdint.h>
| #endif
| #ifdef HAVE_STRINGS_H
| # include <strings.h>
| #endif
| #ifdef HAVE_SYS_TYPES_H
| # include <sys/types.h>
| #endif
| #ifdef HAVE_SYS_STAT_H
| # include <sys/stat.h>
| #endif
| #ifdef HAVE_UNISTD_H
| # include <unistd.h>
| #endif
| int
| main (void)
| {
| if (sizeof ((size_t)))
| 	    return 0;
|   ;
|   return 0;
| }
configure:5988: result: yes
configure:6011: checking for GNU libc compatible malloc
configure:6043: gcc -o conftest -g -O2   -lgomp conftest.c -lgomp  >&5
configure:6043: $? = 0
configure:6043: ./conftest
configure:6043: $? = 0
configure:6054: result: yes
configure:6254: checking that generated files are newer than configure
configure:6260: result: done
configure:6291: creating ./config.status

## ---------------------- ##
## Running config.status. ##
## ---------------------- ##

This file was extended by clustalw config.status 2.0.11, which was
generated by GNU Autoconf 2.71.  Invocation command line was

  CONFIG_FILES    = 
  CONFIG_HEADERS  = 
  CONFIG_LINKS    = 
  CONFIG_COMMANDS = 
  $ ./config.status 

on estrela02

config.status:884: creating Makefile
config.status:884: creating m4/Makefile
config.status:884: creating src/Makefile
config.status:884: creating src/clustalw_version.h
config.status:884: creating src/config.h
config.status:1065: src/config.h is unchanged
config.status:1113: executing depfiles commands
config.status:1190: cd src       && sed -e '/# am--include-marker/d' Makefile         | make -f - am--depfiles
make: Nothing to be done for 'am--depfiles'.
config.status:1195: $? = 0

## ---------------- ##
## Cache variables. ##
## ---------------- ##

ac_cv_build=x86_64-pc-linux-gnu
ac_cv_c_compiler_gnu=yes
ac_cv_c_const=yes
ac_cv_cxx_compiler_gnu=yes
ac_cv_env_CCC_set=
ac_cv_env_CCC_value=
ac_cv_env_CC_set=
ac_cv_env_CC_value=
ac_cv_env_CFLAGS_set=
ac_cv_env_CFLAGS_value=
ac_cv_env_CPPFLAGS_set=
ac_cv_env_CPPFLAGS_value=
ac_cv_env_CXXFLAGS_set=
ac_cv_env_CXXFLAGS_value=
ac_cv_env_CXX_set=
ac_cv_env_CXX_value=
ac_cv_env_LDFLAGS_set=
ac_cv_env_LDFLAGS_value=
ac_cv_env_LIBS_set=
ac_cv_env_LIBS_value=
ac_cv_env_build_alias_set=
ac_cv_env_build_alias_value=
ac_cv_env_host_alias_set=
ac_cv_env_host_alias_value=
ac_cv_env_target_alias_set=
ac_cv_env_target_alias_value=
ac_cv_func_malloc_0_nonnull=yes
ac_cv_header_inttypes_h=yes
ac_cv_header_stdbool_h=yes
ac_cv_header_stdint_h=yes
ac_cv_header_stdio_h=yes
ac_cv_header_stdlib_h=yes
ac_cv_header_string_h=yes
ac_cv_header_strings_h=yes
ac_cv_header_sys_stat_h=yes
ac_cv_header_sys_types_h=yes
ac_cv_header_unistd_h=yes
ac_cv_host=x86_64-pc-linux-gnu
ac_cv_lib_gomp_GOMP_parallel_start=yes
ac_cv_objext=o
ac_cv_path_EGREP='/usr/bin/grep -E'
ac_cv_path_GREP=/usr/bin/grep
ac_cv_path_install='/usr/bin/install -c'
ac_cv_path_mkdir=/usr/bin/mkdir
ac_cv_prog_AWK=mawk
ac_cv_prog_ac_ct_CC=gcc
ac_cv_prog_ac_ct_CXX=g++
ac_cv_prog_ac_ct_RANLIB=ranlib
ac_cv_prog_cc_c11=
ac_cv_prog_cc_g=yes
ac_cv_prog_cc_stdc=
ac_cv_prog_cxx_cxx11=
ac_cv_prog_cxx_g=yes
ac_cv_prog_cxx_stdcxx=
ac_cv_prog_make_make_set=yes
ac_cv_target=x86_64-pc-linux-gnu
ac_cv_type__Bool=yes
ac_cv_type_size_t=yes
ac_cv_use_openmp=yes
am_cv_CC_dependencies_compiler_type=gcc3
am_cv_CXX_dependencies_compiler_type=gcc3
am_cv_make_support_nested_variables=yes
am_cv_prog_cc_c_o=yes

## ----------------- ##
## Output variables. ##
## ----------------- ##

ACLOCAL='${SHELL} '\''/dados/home/tesla-dados/CUDA-clustalW/GPU/cuda_clustalw_final/missing'\'' aclocal-1.16'
AMDEPBACKSLASH='\'
AMDEP_FALSE='#'
AMDEP_TRUE=''
AMTAR='$${TAR-tar}'
AM_BACKSLASH='\'
AM_DEFAULT_V='$(AM_DEFAULT_VERBOSITY)'
AM_DEFAULT_VERBOSITY='1'
AM_V='$(V)'
AUTOCONF='${SHELL} '\''/dados/home/tesla-dados/CUDA-clustalW/GPU/cuda_clustalw_final/missing'\'' autoconf'
AUTOHEADER='${SHELL} '\''/dados/home/tesla-dados/CUDA-clustalW/GPU/cuda_clustalw_final/missing'\'' autoheader'
AUTOMAKE='${SHELL} '\''/dados/home/tesla-dados/CUDA-clustalW/GPU/cuda_clustalw_final/missing'\'' automake-1.16'
AWK='mawk'
CC='gcc'
CCDEPMODE='depmode=gcc3'
CFLAGS='-g -O2'
CLUSTALW_NAME='ClustalW'
CLUSTALW_VERSION='2.0.11'
CPPFLAGS=''
CSCOPE='cscope'
CTAGS='ctags'
CUDA_CFLAGS='-I/usr/local/cuda/include'
CUDA_LIBS='-L/usr/local/cuda/lib64 -lcuda -lcudart '
CXX='g++'
CXXDEPMODE='depmode=gcc3'
CXXFLAGS='-g -O2 -fopenmp'
CYGPATH_W='echo'
DEFS='-DHAVE_CONFIG_H'
DEPDIR='.deps'
ECHO_C=''
ECHO_N='-n'
ECHO_T=''
EGREP='/usr/bin/grep -E'
ETAGS='etags'
EXEEXT=''
GREP='/usr/bin/grep'
INSTALL_DATA='${INSTALL} -m 644'
INSTALL_PROGRAM='${INSTALL}'
INSTALL_SCRIPT='${INSTALL}'
INSTALL_STRIP_PROGRAM='$(install_sh) -c -s'
LDFLAGS=' -lgomp'
LIBOBJS=''
LIBS='-lgomp '
LTLIBOBJS=''
MAKEINFO='${SHELL} '\''/dados/home/tesla-dados/CUDA-clustalW/GPU/cuda_clustalw_final/missing'\'' makeinfo'
MKDIR_P='/usr/bin/mkdir -p'
NVCC='nvcc'
NVCCFLAGS='-arch=sm_86 -use_fast_math  -Xptxas -v -Xcompiler -fopenmp '
OBJEXT='o'
PACKAGE='clustalw'
PACKAGE_BUGREPORT='clustalw@ucd.ie'
PACKAGE_NAME='clustalw'
PACKAGE_STRING='clustalw 2.0.11'
PACKAGE_TARNAME='clustalw'
PACKAGE_URL=''
PACKAGE_VERSION='2.0.11'
PATH_SEPARATOR=':'
RANLIB='ranlib'
SET_MAKE=''
SHELL='/bin/bash'
STRIP=''
VERSION='2.0.11'
ac_ct_CC='gcc'
ac_ct_CXX='g++'
am__EXEEXT_FALSE=''
am__EXEEXT_TRUE='#'
am__fastdepCC_FALSE='#'
am__fastdepCC_TRUE=''
am__fastdepCXX_FALSE='#'
am__fastdepCXX_TRUE=''
am__include='include'
am__isrc=''
am__leading_dot='.'
am__nodep='_no'
am__quote=''
am__tar='$${TAR-tar} chof - "$$tardir"'
am__untar='$${TAR-tar} xf -'
bindir='${exec_prefix}/bin'
build='x86_64-pc-linux-gnu'
build_alias=''
build_cpu='x86_64'
build_os='linux-gnu'
build_vendor='pc'
datadir='${datarootdir}'
datarootdir='${prefix}/share'
docdir='${datarootdir}/doc/${PACKAGE_TARNAME}'
dvidir='${docdir}'
exec_prefix='${prefix}'
host='x86_64-pc-linux-gnu'
host_alias=''
host_cpu='x86_64'
host_os='linux-gnu'
host_vendor='pc'
htmldir='${docdir}'
includedir='${prefix}/include'
infodir='${datarootdir}/info'
install_sh='${SHELL} /dados/home/tesla-dados/CUDA-clustalW/GPU/cuda_clustalw_final/install-sh'
libdir='${exec_prefix}/lib'
libexecdir='${exec_prefix}/libexec'
localedir='${datarootdir}/locale'
localstatedir='${prefix}/var'
mandir='${datarootdir}/man'
mkdir_p='$(MKDIR_P)'
noopenmp=''
noopenmp_FALSE=''
noopenmp_TRUE='#'
oldincludedir='/usr/include'
pdfdir='${docdir}'
prefix='/usr/local'
program_transform_name='s,x,x,'
psdir='${docdir}'
runstatedir='${localstatedir}/run'
sbindir='${exec_prefix}/sbin'
sharedstatedir='${prefix}/com'
sysconfdir='${prefix}/etc'
target='x86_64-pc-linux-gnu'
target_alias=''
target_cpu='x86_64'
target_os='linux-gnu'
target_vendor='pc'

## ----------- ##
## confdefs.h. ##
## ----------- ##

/* confdefs.h */
#define PACKAGE_NAME "clustalw"
#define PACKAGE_TARNAME "clustalw"
#define PACKAGE_VERSION "2.0.11"
#define PACKAGE_STRING "clustalw 2.0.11"
#define PACKAGE_BUGREPORT "clustalw@ucd.ie"
#define PACKAGE_URL ""
#define OS_UNIX 1
#define PACKAGE "clustalw"
#define VERSION "2.0.11"
#define HAVE_LIBGOMP 1
#define HAVE_STDIO_H 1
#define HAVE_STDLIB_H 1
#define HAVE_STRING_H 1
#define HAVE_INTTYPES_H 1
#define HAVE_STDINT_H 1
#define HAVE_STRINGS_H 1
#define HAVE_SYS_STAT_H 1
#define HAVE_SYS_TYPES_H 1
#define HAVE_UNISTD_H 1
#define STDC_HEADERS 1
#define HAVE__BOOL 1
#define HAVE_STDBOOL_H 1
#define HAVE_MALLOC 1

configure: exit 0
